{"contracts/core/storage/TargecyStorage.sol":{"l":{},"path":"/Users/martingrabina/targecy/core/packages/solidity-ts/contracts/core/storage/TargecyStorage.sol","s":{},"b":{},"f":{},"fnMap":{},"statementMap":{},"branchMap":{}},"contracts/core/Targecy.sol":{"l":{"27":1,"28":1,"30":1,"31":1,"32":1,"33":1,"35":1,"36":1,"37":1,"38":1,"40":1,"44":0,"46":0,"50":0,"52":0,"56":0,"60":0,"64":0,"68":0,"72":4,"73":4,"74":4,"75":4,"76":4,"78":4,"81":4,"82":0,"84":4,"87":4,"88":4,"92":0,"93":0,"94":0,"95":0,"96":0,"98":0,"100":0,"104":0,"106":0,"110":1,"111":0,"114":1,"127":1,"128":1,"134":0,"136":0,"137":0,"140":0,"141":0,"143":0,"146":0,"149":0,"150":0,"154":0,"155":0,"156":0,"159":0,"160":0,"162":0,"166":0,"168":0,"169":0,"172":0,"174":0,"176":0,"180":1,"182":1,"183":1,"187":0,"189":0,"190":0,"193":0,"194":0,"196":0,"200":0,"202":0,"213":0,"215":0,"225":0,"226":0,"229":0,"230":0,"231":0,"235":0,"239":0,"241":0,"242":0,"245":0,"246":0,"249":0,"250":0,"253":0,"254":0,"257":0,"258":0,"259":0,"260":0,"262":0,"263":0,"267":0,"268":0,"273":0,"278":0,"282":0,"284":0,"285":0,"288":0,"289":0,"292":0,"293":0,"294":0,"298":0,"300":0,"304":0,"305":0,"306":0,"308":0,"310":0,"313":0,"314":0,"315":0,"316":0,"319":0,"320":0,"329":0,"332":0,"334":0,"350":0,"352":0,"370":0,"371":0,"372":0,"378":0,"380":0,"384":0,"386":0,"390":0,"392":0,"396":0,"397":0,"400":0,"405":0,"407":0,"411":0,"415":0},"path":"/Users/martingrabina/targecy/core/packages/solidity-ts/contracts/core/Targecy.sol","s":{"1":1,"2":1,"3":1,"4":1,"5":1,"6":1,"7":1,"8":1,"9":1,"10":1,"11":1,"12":0,"13":0,"14":0,"15":0,"16":0,"17":0,"18":0,"19":0,"20":4,"21":4,"22":4,"23":4,"24":4,"25":4,"26":4,"27":0,"28":4,"29":4,"30":4,"31":0,"32":0,"33":0,"34":0,"35":0,"36":0,"37":0,"38":0,"39":1,"40":1,"41":1,"42":1,"43":0,"44":0,"45":0,"46":0,"47":0,"48":0,"49":0,"50":0,"51":0,"52":0,"53":0,"54":0,"55":0,"56":0,"57":0,"58":0,"59":0,"60":0,"61":1,"62":1,"63":1,"64":0,"65":0,"66":0,"67":0,"68":0,"69":0,"70":0,"71":0,"72":0,"73":0,"74":0,"75":0,"76":0,"77":0,"78":0,"79":0,"80":0,"81":0,"82":0,"83":0,"84":0,"85":0,"86":0,"87":0,"88":0,"89":0,"90":0,"91":0,"92":0,"93":0,"94":0,"95":0,"96":0,"97":0,"98":0,"99":0,"100":0,"101":0,"102":0,"103":0,"104":0,"105":0,"106":0,"107":0,"108":0,"109":0,"110":0,"111":0,"112":0,"113":0,"114":0,"115":0,"116":0,"117":0,"118":0,"119":0,"120":0,"121":0,"122":0,"123":0,"124":0,"125":0,"126":0,"127":0},"b":{"1":[0,4],"2":[0,1],"3":[0,0],"4":[0,0],"5":[0,0],"6":[0,0],"7":[0,0],"8":[0,0],"9":[0,0],"10":[0,0],"11":[0,0],"12":[0,0],"13":[0,0],"14":[0,0],"15":[0,0],"16":[0,0],"17":[0,0],"18":[0,0],"19":[0,0],"20":[0,0],"21":[0,0],"22":[0,0],"23":[0,0],"24":[0,0],"25":[0,0],"26":[0,0],"27":[0,0],"28":[0,0]},"f":{"1":1,"2":0,"3":0,"4":0,"5":0,"6":0,"7":0,"8":4,"9":0,"10":0,"11":1,"12":0,"13":0,"14":1,"15":0,"16":0,"17":0,"18":0,"19":0,"20":0,"21":0,"22":0,"23":0,"24":0,"25":0,"26":0,"27":0,"28":0,"29":0,"30":0},"fnMap":{"1":{"name":"initialize","line":26,"loc":{"start":{"line":20,"column":2},"end":{"line":41,"column":2}}},"2":{"name":"setAdmin","line":43,"loc":{"start":{"line":43,"column":2},"end":{"line":47,"column":2}}},"3":{"name":"removeAdmin","line":49,"loc":{"start":{"line":49,"column":2},"end":{"line":53,"column":2}}},"4":{"name":"setZKProofsValidator","line":55,"loc":{"start":{"line":55,"column":2},"end":{"line":57,"column":2}}},"5":{"name":"setProtocolVault","line":59,"loc":{"start":{"line":59,"column":2},"end":{"line":61,"column":2}}},"6":{"name":"setDefaultImpressionPrice","line":63,"loc":{"start":{"line":63,"column":2},"end":{"line":65,"column":2}}},"7":{"name":"setDefaultIssuer","line":67,"loc":{"start":{"line":67,"column":2},"end":{"line":69,"column":2}}},"8":{"name":"setSegment","line":71,"loc":{"start":{"line":71,"column":2},"end":{"line":89,"column":2}}},"9":{"name":"editSegment","line":91,"loc":{"start":{"line":91,"column":2},"end":{"line":101,"column":2}}},"10":{"name":"deleteSegment","line":103,"loc":{"start":{"line":103,"column":2},"end":{"line":107,"column":2}}},"11":{"name":"createAd","line":109,"loc":{"start":{"line":109,"column":2},"end":{"line":129,"column":2}}},"12":{"name":"editAd","line":133,"loc":{"start":{"line":133,"column":2},"end":{"line":163,"column":2}}},"13":{"name":"deleteAd","line":165,"loc":{"start":{"line":165,"column":2},"end":{"line":177,"column":2}}},"14":{"name":"createAudience","line":179,"loc":{"start":{"line":179,"column":2},"end":{"line":184,"column":2}}},"15":{"name":"editAudience","line":186,"loc":{"start":{"line":186,"column":2},"end":{"line":197,"column":2}}},"16":{"name":"deleteAudience","line":199,"loc":{"start":{"line":199,"column":2},"end":{"line":203,"column":2}}},"17":{"name":"verifyZKProof","line":205,"loc":{"start":{"line":205,"column":2},"end":{"line":216,"column":2}}},"18":{"name":"_bulkVerifyZKProofs","line":218,"loc":{"start":{"line":218,"column":2},"end":{"line":236,"column":2}}},"19":{"name":"distributeRewards","line":238,"loc":{"start":{"line":238,"column":2},"end":{"line":269,"column":2}}},"20":{"name":"pause","line":272,"loc":{"start":{"line":272,"column":2},"end":{"line":274,"column":2}}},"21":{"name":"unpause","line":277,"loc":{"start":{"line":277,"column":2},"end":{"line":279,"column":2}}},"22":{"name":"_consumeAd","line":281,"loc":{"start":{"line":281,"column":2},"end":{"line":335,"column":2}}},"23":{"name":"consumeAdViaRelayer","line":349,"loc":{"start":{"line":344,"column":2},"end":{"line":353,"column":2}}},"24":{"name":"consumeAd","line":368,"loc":{"start":{"line":363,"column":2},"end":{"line":381,"column":2}}},"25":{"name":"whitelistPublisher","line":383,"loc":{"start":{"line":383,"column":2},"end":{"line":387,"column":2}}},"26":{"name":"removePublisherFromWhitelist","line":389,"loc":{"start":{"line":389,"column":2},"end":{"line":393,"column":2}}},"27":{"name":"_getImpressionPrice","line":395,"loc":{"start":{"line":395,"column":2},"end":{"line":401,"column":2}}},"28":{"name":"calculatePercentage","line":403,"loc":{"start":{"line":403,"column":2},"end":{"line":408,"column":2}}},"29":{"name":"getAudienceAudiences","line":410,"loc":{"start":{"line":410,"column":2},"end":{"line":412,"column":2}}},"30":{"name":"getAdAudiences","line":414,"loc":{"start":{"line":414,"column":2},"end":{"line":416,"column":2}}}},"statementMap":{"1":{"start":{"line":27,"column":4},"end":{"line":27,"column":25}},"2":{"start":{"line":28,"column":4},"end":{"line":28,"column":20}},"3":{"start":{"line":30,"column":4},"end":{"line":30,"column":41}},"4":{"start":{"line":31,"column":4},"end":{"line":31,"column":33}},"5":{"start":{"line":32,"column":4},"end":{"line":32,"column":51}},"6":{"start":{"line":33,"column":4},"end":{"line":33,"column":33}},"7":{"start":{"line":35,"column":4},"end":{"line":35,"column":12}},"8":{"start":{"line":36,"column":4},"end":{"line":36,"column":17}},"9":{"start":{"line":37,"column":4},"end":{"line":37,"column":18}},"10":{"start":{"line":38,"column":4},"end":{"line":38,"column":23}},"11":{"start":{"line":40,"column":4},"end":{"line":40,"column":47}},"12":{"start":{"line":44,"column":4},"end":{"line":44,"column":47}},"13":{"start":{"line":46,"column":4},"end":{"line":46,"column":31}},"14":{"start":{"line":50,"column":4},"end":{"line":50,"column":47}},"15":{"start":{"line":52,"column":4},"end":{"line":52,"column":35}},"16":{"start":{"line":56,"column":4},"end":{"line":56,"column":41}},"17":{"start":{"line":60,"column":4},"end":{"line":60,"column":33}},"18":{"start":{"line":64,"column":4},"end":{"line":64,"column":51}},"19":{"start":{"line":68,"column":4},"end":{"line":68,"column":33}},"20":{"start":{"line":72,"column":4},"end":{"line":72,"column":64}},"21":{"start":{"line":73,"column":4},"end":{"line":73,"column":70}},"22":{"start":{"line":74,"column":4},"end":{"line":74,"column":72}},"23":{"start":{"line":75,"column":4},"end":{"line":75,"column":72}},"24":{"start":{"line":76,"column":4},"end":{"line":76,"column":66}},"25":{"start":{"line":78,"column":4},"end":{"line":78,"column":64}},"26":{"start":{"line":81,"column":4},"end":{"line":81,"column":3220}},"27":{"start":{"line":82,"column":6},"end":{"line":82,"column":54}},"28":{"start":{"line":84,"column":6},"end":{"line":84,"column":56}},"29":{"start":{"line":87,"column":4},"end":{"line":87,"column":118}},"30":{"start":{"line":88,"column":4},"end":{"line":88,"column":18}},"31":{"start":{"line":92,"column":4},"end":{"line":92,"column":56}},"32":{"start":{"line":93,"column":4},"end":{"line":93,"column":62}},"33":{"start":{"line":94,"column":4},"end":{"line":94,"column":64}},"34":{"start":{"line":95,"column":4},"end":{"line":95,"column":64}},"35":{"start":{"line":96,"column":4},"end":{"line":96,"column":58}},"36":{"start":{"line":98,"column":4},"end":{"line":98,"column":64}},"37":{"start":{"line":100,"column":4},"end":{"line":100,"column":92}},"38":{"start":{"line":106,"column":4},"end":{"line":106,"column":27}},"39":{"start":{"line":110,"column":4},"end":{"line":110,"column":4371}},"40":{"start":{"line":114,"column":4},"end":{"line":114,"column":4452}},"41":{"start":{"line":127,"column":4},"end":{"line":127,"column":43}},"42":{"start":{"line":128,"column":4},"end":{"line":128,"column":13}},"43":{"start":{"line":134,"column":4},"end":{"line":134,"column":46}},"44":{"start":{"line":136,"column":4},"end":{"line":136,"column":4994}},"45":{"start":{"line":140,"column":4},"end":{"line":140,"column":5086}},"46":{"start":{"line":141,"column":6},"end":{"line":141,"column":5115}},"47":{"start":{"line":144,"column":13},"end":{"line":144,"column":5266}},"48":{"start":{"line":146,"column":8},"end":{"line":146,"column":72}},"49":{"start":{"line":147,"column":13},"end":{"line":147,"column":5422}},"50":{"start":{"line":149,"column":8},"end":{"line":149,"column":5502}},"51":{"start":{"line":154,"column":6},"end":{"line":154,"column":81}},"52":{"start":{"line":155,"column":6},"end":{"line":155,"column":60}},"53":{"start":{"line":156,"column":6},"end":{"line":156,"column":38}},"54":{"start":{"line":159,"column":4},"end":{"line":159,"column":41}},"55":{"start":{"line":160,"column":4},"end":{"line":160,"column":41}},"56":{"start":{"line":162,"column":4},"end":{"line":162,"column":66}},"57":{"start":{"line":166,"column":4},"end":{"line":166,"column":46}},"58":{"start":{"line":168,"column":4},"end":{"line":168,"column":6095}},"59":{"start":{"line":172,"column":4},"end":{"line":172,"column":60}},"60":{"start":{"line":176,"column":4},"end":{"line":176,"column":24}},"61":{"start":{"line":180,"column":4},"end":{"line":180,"column":75}},"62":{"start":{"line":182,"column":4},"end":{"line":182,"column":63}},"63":{"start":{"line":183,"column":4},"end":{"line":183,"column":19}},"64":{"start":{"line":187,"column":4},"end":{"line":187,"column":70}},"65":{"start":{"line":189,"column":4},"end":{"line":189,"column":6839}},"66":{"start":{"line":193,"column":4},"end":{"line":193,"column":44}},"67":{"start":{"line":194,"column":4},"end":{"line":194,"column":44}},"68":{"start":{"line":196,"column":4},"end":{"line":196,"column":61}},"69":{"start":{"line":202,"column":4},"end":{"line":202,"column":36}},"70":{"start":{"line":213,"column":4},"end":{"line":213,"column":113}},"71":{"start":{"line":215,"column":4},"end":{"line":215,"column":104}},"72":{"start":{"line":225,"column":4},"end":{"line":225,"column":7947}},"73":{"start":{"line":226,"column":6},"end":{"line":226,"column":18}},"74":{"start":{"line":229,"column":4},"end":{"line":229,"column":8123}},"75":{"start":{"line":230,"column":6},"end":{"line":230,"column":8182}},"76":{"start":{"line":231,"column":8},"end":{"line":231,"column":20}},"77":{"start":{"line":235,"column":4},"end":{"line":235,"column":15}},"78":{"start":{"line":239,"column":4},"end":{"line":239,"column":55}},"79":{"start":{"line":241,"column":4},"end":{"line":241,"column":8494}},"80":{"start":{"line":245,"column":4},"end":{"line":245,"column":8598}},"81":{"start":{"line":249,"column":4},"end":{"line":249,"column":60}},"82":{"start":{"line":250,"column":4},"end":{"line":250,"column":38}},"83":{"start":{"line":253,"column":4},"end":{"line":253,"column":97}},"84":{"start":{"line":254,"column":4},"end":{"line":254,"column":47}},"85":{"start":{"line":257,"column":4},"end":{"line":257,"column":24}},"86":{"start":{"line":258,"column":4},"end":{"line":258,"column":9016}},"87":{"start":{"line":259,"column":6},"end":{"line":259,"column":9056}},"88":{"start":{"line":262,"column":6},"end":{"line":262,"column":78}},"89":{"start":{"line":263,"column":6},"end":{"line":263,"column":61}},"90":{"start":{"line":267,"column":4},"end":{"line":267,"column":70}},"91":{"start":{"line":268,"column":4},"end":{"line":268,"column":38}},"92":{"start":{"line":273,"column":4},"end":{"line":273,"column":11}},"93":{"start":{"line":278,"column":4},"end":{"line":278,"column":13}},"94":{"start":{"line":282,"column":4},"end":{"line":282,"column":39}},"95":{"start":{"line":284,"column":4},"end":{"line":284,"column":10058}},"96":{"start":{"line":288,"column":4},"end":{"line":288,"column":10134}},"97":{"start":{"line":292,"column":4},"end":{"line":292,"column":10269}},"98":{"start":{"line":293,"column":6},"end":{"line":293,"column":10341}},"99":{"start":{"line":298,"column":4},"end":{"line":298,"column":10471}},"100":{"start":{"line":304,"column":4},"end":{"line":304,"column":26}},"101":{"start":{"line":305,"column":4},"end":{"line":305,"column":10812}},"102":{"start":{"line":306,"column":6},"end":{"line":306,"column":71}},"103":{"start":{"line":308,"column":6},"end":{"line":308,"column":10948}},"104":{"start":{"line":313,"column":6},"end":{"line":313,"column":11058}},"105":{"start":{"line":314,"column":8},"end":{"line":314,"column":31}},"106":{"start":{"line":315,"column":8},"end":{"line":315,"column":54}},"107":{"start":{"line":319,"column":4},"end":{"line":319,"column":11282}},"108":{"start":{"line":329,"column":4},"end":{"line":329,"column":24}},"109":{"start":{"line":332,"column":4},"end":{"line":332,"column":43}},"110":{"start":{"line":334,"column":4},"end":{"line":334,"column":65}},"111":{"start":{"line":350,"column":4},"end":{"line":350,"column":88}},"112":{"start":{"line":352,"column":4},"end":{"line":352,"column":48}},"113":{"start":{"line":370,"column":4},"end":{"line":370,"column":85}},"114":{"start":{"line":372,"column":6},"end":{"line":372,"column":13136}},"115":{"start":{"line":378,"column":4},"end":{"line":378,"column":41}},"116":{"start":{"line":380,"column":4},"end":{"line":380,"column":52}},"117":{"start":{"line":384,"column":4},"end":{"line":384,"column":42}},"118":{"start":{"line":386,"column":4},"end":{"line":386,"column":40}},"119":{"start":{"line":390,"column":4},"end":{"line":390,"column":43}},"120":{"start":{"line":392,"column":4},"end":{"line":392,"column":49}},"121":{"start":{"line":396,"column":4},"end":{"line":396,"column":13967}},"122":{"start":{"line":397,"column":6},"end":{"line":397,"column":41}},"123":{"start":{"line":400,"column":4},"end":{"line":400,"column":33}},"124":{"start":{"line":405,"column":4},"end":{"line":405,"column":86}},"125":{"start":{"line":407,"column":4},"end":{"line":407,"column":65}},"126":{"start":{"line":411,"column":4},"end":{"line":411,"column":44}},"127":{"start":{"line":415,"column":4},"end":{"line":415,"column":32}}},"branchMap":{"1":{"line":81,"type":"if","locations":[{"start":{"line":81,"column":4},"end":{"line":81,"column":4}},{"start":{"line":81,"column":4},"end":{"line":81,"column":4}}]},"2":{"line":110,"type":"if","locations":[{"start":{"line":110,"column":4},"end":{"line":110,"column":4}},{"start":{"line":110,"column":4},"end":{"line":110,"column":4}}]},"3":{"line":136,"type":"if","locations":[{"start":{"line":136,"column":4},"end":{"line":136,"column":4}},{"start":{"line":136,"column":4},"end":{"line":136,"column":4}}]},"4":{"line":140,"type":"if","locations":[{"start":{"line":140,"column":4},"end":{"line":140,"column":4}},{"start":{"line":140,"column":4},"end":{"line":140,"column":4}}]},"5":{"line":141,"type":"if","locations":[{"start":{"line":141,"column":6},"end":{"line":141,"column":6}},{"start":{"line":141,"column":6},"end":{"line":141,"column":6}}]},"6":{"line":144,"type":"if","locations":[{"start":{"line":144,"column":13},"end":{"line":144,"column":13}},{"start":{"line":144,"column":13},"end":{"line":144,"column":13}}]},"7":{"line":147,"type":"if","locations":[{"start":{"line":147,"column":13},"end":{"line":147,"column":13}},{"start":{"line":147,"column":13},"end":{"line":147,"column":13}}]},"8":{"line":149,"type":"if","locations":[{"start":{"line":149,"column":8},"end":{"line":149,"column":8}},{"start":{"line":149,"column":8},"end":{"line":149,"column":8}}]},"9":{"line":168,"type":"if","locations":[{"start":{"line":168,"column":4},"end":{"line":168,"column":4}},{"start":{"line":168,"column":4},"end":{"line":168,"column":4}}]},"10":{"line":189,"type":"if","locations":[{"start":{"line":189,"column":4},"end":{"line":189,"column":4}},{"start":{"line":189,"column":4},"end":{"line":189,"column":4}}]},"11":{"line":213,"type":"if","locations":[{"start":{"line":213,"column":4},"end":{"line":213,"column":4}},{"start":{"line":213,"column":4},"end":{"line":213,"column":4}}]},"12":{"line":225,"type":"if","locations":[{"start":{"line":225,"column":4},"end":{"line":225,"column":4}},{"start":{"line":225,"column":4},"end":{"line":225,"column":4}}]},"13":{"line":230,"type":"if","locations":[{"start":{"line":230,"column":6},"end":{"line":230,"column":6}},{"start":{"line":230,"column":6},"end":{"line":230,"column":6}}]},"14":{"line":241,"type":"if","locations":[{"start":{"line":241,"column":4},"end":{"line":241,"column":4}},{"start":{"line":241,"column":4},"end":{"line":241,"column":4}}]},"15":{"line":245,"type":"if","locations":[{"start":{"line":245,"column":4},"end":{"line":245,"column":4}},{"start":{"line":245,"column":4},"end":{"line":245,"column":4}}]},"16":{"line":258,"type":"if","locations":[{"start":{"line":258,"column":4},"end":{"line":258,"column":4}},{"start":{"line":258,"column":4},"end":{"line":258,"column":4}}]},"17":{"line":259,"type":"if","locations":[{"start":{"line":259,"column":6},"end":{"line":259,"column":6}},{"start":{"line":259,"column":6},"end":{"line":259,"column":6}}]},"18":{"line":284,"type":"if","locations":[{"start":{"line":284,"column":4},"end":{"line":284,"column":4}},{"start":{"line":284,"column":4},"end":{"line":284,"column":4}}]},"19":{"line":288,"type":"if","locations":[{"start":{"line":288,"column":4},"end":{"line":288,"column":4}},{"start":{"line":288,"column":4},"end":{"line":288,"column":4}}]},"20":{"line":293,"type":"if","locations":[{"start":{"line":293,"column":6},"end":{"line":293,"column":6}},{"start":{"line":293,"column":6},"end":{"line":293,"column":6}}]},"21":{"line":298,"type":"if","locations":[{"start":{"line":298,"column":4},"end":{"line":298,"column":4}},{"start":{"line":298,"column":4},"end":{"line":298,"column":4}}]},"22":{"line":308,"type":"if","locations":[{"start":{"line":308,"column":6},"end":{"line":308,"column":6}},{"start":{"line":308,"column":6},"end":{"line":308,"column":6}}]},"23":{"line":313,"type":"if","locations":[{"start":{"line":313,"column":6},"end":{"line":313,"column":6}},{"start":{"line":313,"column":6},"end":{"line":313,"column":6}}]},"24":{"line":319,"type":"if","locations":[{"start":{"line":319,"column":4},"end":{"line":319,"column":4}},{"start":{"line":319,"column":4},"end":{"line":319,"column":4}}]},"25":{"line":350,"type":"if","locations":[{"start":{"line":350,"column":4},"end":{"line":350,"column":4}},{"start":{"line":350,"column":4},"end":{"line":350,"column":4}}]},"26":{"line":370,"type":"if","locations":[{"start":{"line":370,"column":4},"end":{"line":370,"column":4}},{"start":{"line":370,"column":4},"end":{"line":370,"column":4}}]},"27":{"line":396,"type":"if","locations":[{"start":{"line":396,"column":4},"end":{"line":396,"column":4}},{"start":{"line":396,"column":4},"end":{"line":396,"column":4}}]},"28":{"line":405,"type":"if","locations":[{"start":{"line":405,"column":4},"end":{"line":405,"column":4}},{"start":{"line":405,"column":4},"end":{"line":405,"column":4}}]}}},"contracts/interfaces/ICircuitValidator.sol":{"l":{},"path":"/Users/martingrabina/targecy/core/packages/solidity-ts/contracts/interfaces/ICircuitValidator.sol","s":{},"b":{},"f":{},"fnMap":{},"statementMap":{},"branchMap":{}},"contracts/interfaces/ITargecy.sol":{"l":{},"path":"/Users/martingrabina/targecy/core/packages/solidity-ts/contracts/interfaces/ITargecy.sol","s":{},"b":{},"f":{},"fnMap":{},"statementMap":{},"branchMap":{}},"contracts/libraries/Constants.sol":{"l":{},"path":"/Users/martingrabina/targecy/core/packages/solidity-ts/contracts/libraries/Constants.sol","s":{},"b":{},"f":{},"fnMap":{},"statementMap":{},"branchMap":{}},"contracts/libraries/DataTypes.sol":{"l":{},"path":"/Users/martingrabina/targecy/core/packages/solidity-ts/contracts/libraries/DataTypes.sol","s":{},"b":{},"f":{},"fnMap":{},"statementMap":{},"branchMap":{}},"contracts/libraries/Errors.sol":{"l":{},"path":"/Users/martingrabina/targecy/core/packages/solidity-ts/contracts/libraries/Errors.sol","s":{},"b":{},"f":{},"fnMap":{},"statementMap":{},"branchMap":{}},"contracts/libraries/Helpers.sol":{"l":{"14":0,"15":0,"16":0,"23":0,"24":0,"28":0,"39":0,"40":0,"41":0,"43":0},"path":"/Users/martingrabina/targecy/core/packages/solidity-ts/contracts/libraries/Helpers.sol","s":{"1":0,"2":0,"3":0,"4":0,"5":0,"6":0,"7":0,"8":0},"b":{"1":[0,0],"2":[0,0]},"f":{"1":0,"2":0,"3":0},"fnMap":{"1":{"name":"_validateRecoveredAddress","line":13,"loc":{"start":{"line":13,"column":2},"end":{"line":17,"column":2}}},"2":{"name":"_calculateDomainSeparator","line":22,"loc":{"start":{"line":22,"column":2},"end":{"line":29,"column":2}}},"3":{"name":"_calculateDigest","line":38,"loc":{"start":{"line":38,"column":2},"end":{"line":44,"column":2}}}},"statementMap":{"1":{"start":{"line":14,"column":4},"end":{"line":14,"column":72}},"2":{"start":{"line":15,"column":4},"end":{"line":15,"column":69}},"3":{"start":{"line":16,"column":4},"end":{"line":16,"column":111}},"4":{"start":{"line":23,"column":4},"end":{"line":23,"column":19}},"5":{"start":{"line":28,"column":4},"end":{"line":28,"column":156}},"6":{"start":{"line":39,"column":4},"end":{"line":39,"column":18}},"7":{"start":{"line":41,"column":6},"end":{"line":41,"column":97}},"8":{"start":{"line":43,"column":4},"end":{"line":43,"column":17}}},"branchMap":{"1":{"line":14,"type":"if","locations":[{"start":{"line":14,"column":4},"end":{"line":14,"column":4}},{"start":{"line":14,"column":4},"end":{"line":14,"column":4}}]},"2":{"line":16,"type":"if","locations":[{"start":{"line":16,"column":4},"end":{"line":16,"column":4}},{"start":{"line":16,"column":4},"end":{"line":16,"column":4}}]}}},"contracts/libraries/TargecyEvents.sol":{"l":{},"path":"/Users/martingrabina/targecy/core/packages/solidity-ts/contracts/libraries/TargecyEvents.sol","s":{},"b":{},"f":{},"fnMap":{},"statementMap":{},"branchMap":{}},"contracts/mock/MockValidator.sol":{"l":{"15":0,"16":0,"17":0,"18":0,"19":0,"21":0,"25":0,"29":0,"33":0},"path":"/Users/martingrabina/targecy/core/packages/solidity-ts/contracts/mock/MockValidator.sol","s":{"1":0,"2":0,"3":0,"4":0,"5":0,"6":0,"7":0,"8":0,"9":0},"b":{"1":[0,0],"2":[0,0],"3":[0,0],"4":[0,0],"5":[0,0]},"f":{"1":0,"2":0,"3":0,"4":0},"fnMap":{"1":{"name":"verify","line":8,"loc":{"start":{"line":8,"column":2},"end":{"line":22,"column":2}}},"2":{"name":"getCircuitId","line":24,"loc":{"start":{"line":24,"column":2},"end":{"line":26,"column":2}}},"3":{"name":"getChallengeInputIndex","line":28,"loc":{"start":{"line":28,"column":2},"end":{"line":30,"column":2}}},"4":{"name":"getUserIdInputIndex","line":32,"loc":{"start":{"line":32,"column":2},"end":{"line":34,"column":2}}}},"statementMap":{"1":{"start":{"line":15,"column":4},"end":{"line":15,"column":54}},"2":{"start":{"line":16,"column":4},"end":{"line":16,"column":44}},"3":{"start":{"line":17,"column":4},"end":{"line":17,"column":44}},"4":{"start":{"line":18,"column":4},"end":{"line":18,"column":44}},"5":{"start":{"line":19,"column":4},"end":{"line":19,"column":50}},"6":{"start":{"line":21,"column":4},"end":{"line":21,"column":15}},"7":{"start":{"line":25,"column":4},"end":{"line":25,"column":17}},"8":{"start":{"line":29,"column":4},"end":{"line":29,"column":12}},"9":{"start":{"line":33,"column":4},"end":{"line":33,"column":12}}},"branchMap":{"1":{"line":15,"type":"if","locations":[{"start":{"line":15,"column":4},"end":{"line":15,"column":4}},{"start":{"line":15,"column":4},"end":{"line":15,"column":4}}]},"2":{"line":16,"type":"if","locations":[{"start":{"line":16,"column":4},"end":{"line":16,"column":4}},{"start":{"line":16,"column":4},"end":{"line":16,"column":4}}]},"3":{"line":17,"type":"if","locations":[{"start":{"line":17,"column":4},"end":{"line":17,"column":4}},{"start":{"line":17,"column":4},"end":{"line":17,"column":4}}]},"4":{"line":18,"type":"if","locations":[{"start":{"line":18,"column":4},"end":{"line":18,"column":4}},{"start":{"line":18,"column":4},"end":{"line":18,"column":4}}]},"5":{"line":19,"type":"if","locations":[{"start":{"line":19,"column":4},"end":{"line":19,"column":4}},{"start":{"line":19,"column":4},"end":{"line":19,"column":4}}]}}}}